2025-04-10 08:52:26,312 CRIT Supervisor is running as root.  Privileges were not dropped because no user is specified in the config file.  If you intend to run as root, you can set user=root in the config file to avoid this message.
2025-04-10 08:52:26,314 INFO supervisord started with pid 1
2025-04-10 08:52:27,317 INFO spawned: 'php-fpm' with pid 39
2025-04-10 08:52:27,319 INFO spawned: 'queue-worker' with pid 40
2025-04-10 08:52:28,344 INFO success: php-fpm entered RUNNING state, process has stayed up for > than 1 seconds (startsecs)
2025-04-10 08:52:28,344 INFO success: queue-worker entered RUNNING state, process has stayed up for > than 1 seconds (startsecs)
2025-04-10 16:09:18,876 WARN received SIGQUIT indicating exit request
2025-04-10 16:09:18,892 INFO waiting for php-fpm, queue-worker to die
2025-04-10 16:09:18,908 WARN stopped: queue-worker (terminated by SIGTERM)
2025-04-10 16:09:19,009 INFO stopped: php-fpm (exit status 0)
2025-04-11 14:20:35,104 CRIT Supervisor is running as root.  Privileges were not dropped because no user is specified in the config file.  If you intend to run as root, you can set user=root in the config file to avoid this message.
2025-04-11 14:20:35,109 INFO supervisord started with pid 1
2025-04-11 14:20:36,112 INFO spawned: 'php-fpm' with pid 24
2025-04-11 14:20:36,114 INFO spawned: 'queue-worker' with pid 25
2025-04-11 14:20:37,156 INFO success: php-fpm entered RUNNING state, process has stayed up for > than 1 seconds (startsecs)
2025-04-11 14:20:37,156 INFO success: queue-worker entered RUNNING state, process has stayed up for > than 1 seconds (startsecs)
2025-04-11 14:23:06,803 INFO reaped unknown pid 55 (exit status 0)
2025-04-11 14:24:32,448 INFO reaped unknown pid 87 (exit status 0)
2025-04-11 14:45:56,040 WARN received SIGQUIT indicating exit request
2025-04-11 14:45:56,041 INFO waiting for php-fpm, queue-worker to die
2025-04-11 14:45:56,044 WARN stopped: queue-worker (terminated by SIGTERM)
2025-04-11 14:45:56,050 INFO stopped: php-fpm (exit status 0)
2025-04-11 14:47:46,656 CRIT Supervisor is running as root.  Privileges were not dropped because no user is specified in the config file.  If you intend to run as root, you can set user=root in the config file to avoid this message.
2025-04-11 14:47:46,659 INFO supervisord started with pid 1
2025-04-11 14:47:47,662 INFO spawned: 'php-fpm' with pid 42
2025-04-11 14:47:47,665 INFO spawned: 'queue-worker' with pid 43
2025-04-11 14:47:48,705 INFO success: php-fpm entered RUNNING state, process has stayed up for > than 1 seconds (startsecs)
2025-04-11 14:47:48,705 INFO success: queue-worker entered RUNNING state, process has stayed up for > than 1 seconds (startsecs)
2025-04-11 14:50:15,883 INFO reaped unknown pid 60 (exit status 0)
2025-04-11 14:51:25,979 INFO reaped unknown pid 71 (exit status 0)
2025-04-11 14:54:59,229 WARN received SIGQUIT indicating exit request
2025-04-11 14:54:59,229 INFO waiting for php-fpm, queue-worker to die
2025-04-11 14:54:59,233 WARN stopped: queue-worker (terminated by SIGTERM)
2025-04-11 14:54:59,237 INFO stopped: php-fpm (exit status 0)
2025-04-11 14:55:15,175 CRIT Supervisor is running as root.  Privileges were not dropped because no user is specified in the config file.  If you intend to run as root, you can set user=root in the config file to avoid this message.
2025-04-11 14:55:15,177 INFO supervisord started with pid 1
2025-04-11 14:55:16,180 INFO spawned: 'php-fpm' with pid 22
2025-04-11 14:55:16,183 INFO spawned: 'queue-worker' with pid 23
2025-04-11 14:55:17,205 INFO success: php-fpm entered RUNNING state, process has stayed up for > than 1 seconds (startsecs)
2025-04-11 14:55:17,205 INFO success: queue-worker entered RUNNING state, process has stayed up for > than 1 seconds (startsecs)
2025-04-11 14:56:43,295 WARN received SIGQUIT indicating exit request
2025-04-11 14:56:43,295 INFO waiting for php-fpm, queue-worker to die
2025-04-11 14:56:43,298 WARN stopped: queue-worker (terminated by SIGTERM)
2025-04-11 14:56:43,302 INFO stopped: php-fpm (exit status 0)
2025-04-11 14:56:44,607 CRIT Supervisor is running as root.  Privileges were not dropped because no user is specified in the config file.  If you intend to run as root, you can set user=root in the config file to avoid this message.
2025-04-11 14:56:44,609 INFO supervisord started with pid 1
2025-04-11 14:56:45,612 INFO spawned: 'php-fpm' with pid 20
2025-04-11 14:56:45,614 INFO spawned: 'queue-worker' with pid 21
2025-04-11 14:56:46,646 INFO success: php-fpm entered RUNNING state, process has stayed up for > than 1 seconds (startsecs)
2025-04-11 14:56:46,647 INFO success: queue-worker entered RUNNING state, process has stayed up for > than 1 seconds (startsecs)
2025-04-11 14:57:11,673 INFO reaped unknown pid 37 (exit status 0)
2025-04-11 14:57:37,711 INFO reaped unknown pid 40 (exit status 255)
2025-04-11 15:00:25,075 WARN exited: queue-worker (exit status 1; not expected)
2025-04-11 15:00:26,078 INFO spawned: 'queue-worker' with pid 50
2025-04-11 15:00:26,261 WARN exited: queue-worker (exit status 1; not expected)
2025-04-11 15:00:27,264 INFO spawned: 'queue-worker' with pid 54
2025-04-11 15:00:27,447 WARN exited: queue-worker (exit status 1; not expected)
2025-04-11 15:00:29,451 INFO spawned: 'queue-worker' with pid 58
2025-04-11 15:00:29,647 WARN exited: queue-worker (exit status 1; not expected)
2025-04-11 15:00:32,652 INFO spawned: 'queue-worker' with pid 62
2025-04-11 15:00:32,835 WARN exited: queue-worker (exit status 1; not expected)
2025-04-11 15:00:33,837 INFO gave up: queue-worker entered FATAL state, too many start retries too quickly
